[238]
[2,1,0,4][6.5]

[336]
[0,1,2][2]
[0,1,2,3,7][11.5]

[292]
[3,7,6,5][6.5]

[333]
[5,4,0,1,2][11.5]
[5][0]

[339]
[2,3,7][9.5]
[2,1,0,4,5][7.5]

[284]
[7,3,2,1,0][11.5]

[330]
[5,4,0,1,2][11.5]
[5,6,7,3][6.5]

[354]
[4,5,6][2]
[4,0,1,2,3][11.5]

[360]
[1,0,4,5,6][11.5]
[1][0]

[363]
[1,0,4,5,6][7.5]
[1,0,4][5.5]

[188]
[4,5,6][2]
[4,0,1,2,3][11.5]
[4,0,1,2,3][11.5]
[4,0,1,2,3][11.5]
[4,0,1,2,3][11.5]
[4,0,1][9.5]
[4,0,1][9.5]
[4,0,1][9.5]
[4][0]
[4][0]
[4][0]
[4][0]
[4,5,6,7][3]
[4,5,6,7][3]
[4,5,6,7][3]
[4,5,6,7][3]
[4,5,6,7][3]
[4,0,1,2][10.5]
[4,0,1,2][10.5]
[4,0][8.5]
[4,0][8.5]

[166]
[1,0,4,5,6][11.5]
[1,2,3][2]
[1,2,3][2]
[1,2,3][2]
[1,2,3][2]
[1][0]
[1][0]
[1][0]
[1,0,4][9.5]
[1,0,4][9.5]
[1,0,4][9.5]
[1,0,4][9.5]
[1,2,3,7][10.5]
[1,2,3,7][10.5]
[1,2,3,7][10.5]
[1,2,3,7][10.5]
[1,2,3,7][10.5]
[1,2][1]
[1,2][1]
[1,0][1]
[1,0][1]

[144]
[5,6][1]
[5,6,7,3][10.5]
[5,6,7,3][10.5]
[5,6,7,3][10.5]
[5,6,7,3][10.5]
[5,4,0,1][10.5]
[5,4,0,1][10.5]
[5,4,0,1][10.5]
[5,4][1]
[5,4][1]
[5,4][1]
[5,4][1]
[5,6,7][2]
[5,6,7][2]
[5,6,7][2]
[5,6,7][2]
[5,6,7][2]
[5,4,0,1,2][11.5]
[5,4,0,1,2][11.5]
[5,4,0][9.5]
[5,4,0][9.5]

[72]
[0,4][8.5]
[0,4,5,6][10.5]
[0,4,5,6][10.5]
[0][0]
[0][0]
[0,4,5][9.5]
[0,4,5][9.5]
[0,4,5][9.5]
[0,1,2][2]
[0,1,2][2]
[0,1,2][2]
[0,1,2,3,7][11.5]
[0,1,2,3,7][11.5]
[0,1,2,3,7][11.5]
[0,1,2,3,7][11.5]
[0,1,2,3][3]
[0,1,2,3][3]
[0,1,2,3][3]
[0,1][1]
[0,1][1]
[0,1][1]

[280]
[1,0,4,5][10.5]

[327]
[2][0]
[2,1,0,4][10.5]

[22]
[5,6][1]
[5,4,0,1,2][7.5]
[5,4,0][5.5]

[266]
[6,5,4,0][10.5]

[26]
[6,5,4][2]
[6,7,3,2][10.5]
[6][0]
[6,5][1]

[348]
[5,6][1]
[5,4,0,1][10.5]

[31]
[1,0,4,5][6.5]
[1,2,3,7][10.5]

[278]
[4,0,1,2][10.5]

[34]
[0,1,2][2]
[0,4,5,6][10.5]
[0][0]

[19]
[4,0,1,2][10.5]
[4,5,6,7][3]

[42]
[6,5,4][2]
[6][0]
[6][0]
[6,5,4,0][10.5]
[6,5,4,0][10.5]
[6,5][1]
[6,5][1]
[6,5][1]
[6,7,3,2][6.5]
[6,7,3,2][6.5]
[6,7,3,2][6.5]
[6,7,3][5.5]
[6,7,3][5.5]
[6,7,3][5.5]
[6,5,4,0,1][11.5]
[6,5,4,0,1][11.5]
[6,5,4,0,1][11.5]
[6,7][1]
[6,7][1]
[6,7][1]
[6,7][1]

[17]
[2,1,0,4][10.5]

[100]
[5,4][1]
[5,6][1]
[5,6][1]
[5,4,0][5.5]
[5,4,0][5.5]
[5][0]
[5][0]
[5][0]
[5,4,0,1,2][7.5]
[5,4,0,1,2][7.5]
[5,4,0,1,2][7.5]
[5,6,7][2]
[5,6,7][2]
[5,6,7][2]
[5,6,7][2]
[5,6,7,3][6.5]
[5,6,7,3][6.5]
[5,6,7,3][6.5]
[5,4,0,1][6.5]
[5,4,0,1][6.5]
[5,4,0,1][6.5]

[312]
[6,7,3,2][10.5]

[94]
[6,7,3,2][10.5]
[6][0]
[6,7][1]

[288]
[4,0,1,2,3][7.5]

[7]
[0,4,5,6][10.5]
[0,4][8.5]
[0,4,5][9.5]

[68]
[7,3,2][9.5]
[7,6][1]
[7][0]

[276]
[2,3,7][9.5]

[260]
[6,7,3][5.5]

[252]
[6,7,3][9.5]

[38]
[7,3,2][9.5]
[7,6][1]
[7,3,2,1,0][11.5]

[244]
[2,3,7][9.5]

[310]
[2,3,7][9.5]

[274]
[7,3][8.5]

[321]
[3,2][1]
[3,7][8.5]

[324]
[7,3,2][5.5]
[7,6,5][2]

[210]
[7,6][1]
[7,3][8.5]
[7,3][8.5]
[7,3][8.5]
[7,3][8.5]
[7,3,2,1][10.5]
[7,3,2,1][10.5]
[7,3,2,1][10.5]
[7,6,5,4][3]
[7,6,5,4][3]
[7,6,5,4][3]
[7,6,5,4][3]
[7][0]
[7][0]
[7][0]
[7][0]
[7][0]
[7,3,2][9.5]
[7,3,2][9.5]
[7,3,2,1,0][11.5]
[7,3,2,1,0][11.5]

[234]
[2,3,7][5.5]

[342]
[3,7][8.5]
[3,2,1,0,4][7.5]

[351]
[6][0]
[6,7,3][5.5]

[246]
[7,3][8.5]

[366]
[0,4,5,6][6.5]
[0,1,2,3,7][7.5]

[262]
[6,5,4,0,1][7.5]

[122]
[3,7,6][5.5]
[3][0]
[3][0]
[3][0]
[3][0]
[3,2,1][2]
[3,2,1][2]
[3,2,1][2]
[3,2,1,0,4][7.5]
[3,2,1,0,4][7.5]
[3,2,1,0,4][7.5]
[3,2,1,0,4][7.5]
[3,7][4.5]
[3,7][4.5]
[3,7][4.5]
[3,7][4.5]
[3,7][4.5]
[3,2][1]
[3,2][1]
[3,2,1,0][3]
[3,2,1,0][3]

[314]
[1,0,4,5,6][7.5]
[1,0][1]
[1,0,4,5][6.5]

[306]
[0,1,2,3,7][7.5]

[369]
[7,6][1]
[7,3,2,1][6.5]

[66]
[2,3,7,6][6.5]

[242]
[2,3,7][5.5]

[264]
[6,7,3][5.5]

[304]
[3,2,1,0][3]

[250]
[7,6,5,4][3]

[296]
[7,6,5,4][3]

[290]
[4,5,6,7][3]

[345]
[7][0]
[7,6,5,4][3]

[248]
[7,6,5,4][3]

[98]
[4,5,6,7][3]

[0]
[7,6][1]
[7,6,5,4][3]
[7,6,5,4][3]
[7,6,5][2]

[11]
[7,6][1]
[7,6,5,4][3]
[7,6,5][2]

[300]
[3,2,1][2]

[282]
[7,6,5][2]

[5]
[4,5,6][2]

[357]
[6][0]
[6,7][1]

[372]
[2][0]
[2,1][1]

[268]
[2,1][1]

[15]
[6,5][1]

[64]
[5,6][1]

[240]
[2,1][1]

[254]
[6,7][1]

[256]
[6,7][1]

[318]
[3,2][1]
[3][0]

[270]
[0,1][1]

[272]
[2,3][1]

[286]
[3,2][1]

[294]
[7,6][1]

[308]
[1,2][1]

[258]
[6][0]

[298]
[6][0]

[236]
[2][0]

[232]
[2][0]

[302]
[1][0]

