[Die0,Die4]
[15623,15635,15655,15661,15665,24737,24753,25074,25110] 12
[15541,15563,15571,15585,15587,24705,24711,24717,24719] 12
[15395,15437,15485,15509,15523,24579,24623,24625,24669] 12
[15273,15283,15351,15355,15377,24149,24352,24559,24577] 12
[15133,15151,15153,15231,15239,24061,24115,24143,24147] 12
[15045,15061,15063,15077,15125,23541,23955,23993,23997] 12
[14909,14943,14987,15003,15015,23513,23523,23527,23529] 12
[14813,14825,14865,14887,14899,23439,23465,23477,23507] 12
[14721,14749,14775,14789,14793,23377,23379,23383,23415] 12
[14669,14673,14683,14691,14707,22879,22887,22903,22947] 12
[14567,14571,14615,14631,14639,22813,22839,22849,22863] 12
[14443,14463,14501,14511,14551,22313,22343,22751,22763] 12
[14299,14321,14331,14343,14437,22227,22287,22293,22307] 12
[14267,14271,14277,14285,14287,21665,22165,22179,22223] 12
[14209,14221,14229,14253,14261,21135,21563,21597,21651] 12
[14145,14179,14203,14205,14207,21085,21107,21123,21125] 12
[14073,14079,14097,14105,14133,21013,21023,21049,21071] 12
[13957,13967,13983,14051,14059,20993,20997,20999,21005] 12
[13811,13813,13829,13903,13923,20499,20507,20740,20967] 12
[13705,13749,13755,13787,13805,20411,20461,20465,20497] 12
[13565,13583,13599,13609,13635,19907,20363,20405,20409] 12
[13417,13451,13495,13539,13563,19781,19803,19831,19855] 12
[13263,13269,13283,13303,13341,19309,19321,19329,19331] 12
[13203,13205,13207,13247,13257,19277,19281,19291,19307] 12
[13077,13087,13137,13149,13151,19179,19187,19199,19225] 12
[13023,13025,13037,13049,13057,18131,18543,18657,18667] 12
[7767,7809,7830,8031,8097,18057,18069,18091,18123] 12
[7650,7686,7707,7719,7728,17955,17965,18031,18033] 12
[7429,7525,7589,7618,7641,17473,17477,17489,17931] 12
[7343,7393,7395,7415,7427,17395,17397,17419,17433] 12
[7259,7265,7267,7275,7341,17267,17281,17287,17319] 12
[7185,7201,7209,7225,7255,17185,17187,17193,17203] 12
[7073,7103,7111,7139,7159,17095,17105,17147,17169] 12
[7003,7013,7033,7047,7053,17035,17041,17045,17047] 12
[6863,6909,6941,6945,7001,16933,16981,16991,17011] 12
[6641,6659,6685,6817,6827,16837,16855,16883,16923] 12
[6573,6591,6599,6607,6625,16777,16785,16787,16829] 12
[6481,6529,6539,6545,6551,16747,16757,16761,16769] 12
[6413,6427,6433,6437,6463,16677,16717,16719,16731] 12
[6317,6347,6357,6365,6367,16605,16613,16633,16675] 12
[6259,6265,6289,6303,6305,16571,16593,16597,16599] 12
[6179,6187,6243,6247,6251,16451,16473,16505,16521] 12
[6011,6021,6075,6093,6129,16349,16395,16429,16443] 12
[5797,5915,5947,5955,6007,16315,16323,16331,16343] 12
[5713,5725,5739,5773,5795,16247,16257,16295,16299] 12
[5603,5657,5673,5693,5703,16201,16213,16223,16235] 12
[5439,5449,5501,5545,5577,16081,16161,16165,16183] 12
[5271,5287,5347,5381,5389,15815,15843,16043,16049,25307,25313,25316,25349] 16
[5221,5231,5233,5241,5267,15699,15755,15757,15803,25208,25226,25268,25274] 16
[5015,5045,5061,5099,5185,15669,15675,15677,15681,25132,25160,25181,25187] 16
[15603,15643,15693,15715,15733,23148,23367,23387,23437] 12
[15483,15499,15555,15561,15565,22911,22933,22935,22945] 12
[15435,15461,15463,15465,15477,22841,22853,22859,22877] 12
[15249,15293,15323,15345,15375,22759,22777,22791,22795] 12
[15113,15135,15147,15201,15223,22191,22215,22345,22546] 12
[14967,14995,15037,15067,15075,21743,21944,22159,22171] 12
[14863,14877,14925,14937,14955,21673,21727,21735,21741] 12
[14699,14751,14815,14845,14861,21657,21659,21667,21669] 12
[14527,14541,14549,14609,14687,21141,21555,21561,21565] 12
[14469,14495,14505,14509,14521,21083,21087,21101,21103] 12
[14379,14381,14399,14415,14439,21007,21009,21015,21029] 12
[14265,14297,14367,14369,14371,20961,20977,20983,20985] 12
[14111,14143,14157,14237,14259,20515,20539,20949,20957] 12
[14043,14053,14057,14067,14101,20395,20397,20417,20511] 12
[13921,13929,13979,14003,14021,19937,20138,20353,20365] 12
[13845,13849,13861,13879,13905,19845,19877,19889,19929] 12
[13767,13775,13783,13809,13831,19759,19807,19827,19835] 12
[13605,13629,13639,13703,13723,19317,19325,19335,19536] 12
[13435,13447,13537,13549,13587,19285,19303,19311,19315] 12
[13189,13219,13221,13295,13363,19233,19249,19253,19259] 12
[13043,13059,13073,13083,13141,18733,18934,19213,19223] 12
[12939,12951,12969,12987,13031,18695,18719,18721,18725] 12
[8083,8127,10528,12933,12937,18633,18643,18671,18693] 12
[7839,7881,7893,7920,8039,18569,18575,18585,18599] 12
[7701,7752,7782,7821,7827,18332,18555,18557,18567] 12
[7599,7620,7656,7659,7695,18063,18071,18097,18105] 12
[7487,7493,7497,7513,7547,17949,17987,17997,18001] 12
[7381,7399,7413,7483,7485,17469,17483,17529,17937] 12
[7319,7325,7331,7339,7367,17403,17417,17451,17463] 12
[7241,7285,7293,7295,7311,17291,17349,17373,17385] 12
[7125,7133,7179,7207,7239,17257,17277,17285,17289] 12
[6995,7009,7019,7051,7061,17195,17197,17199,17227] 12
[6819,6849,6881,6931,6959,17075,17083,17129,17133] 12
[6717,6735,6755,6793,6799,17039,17049,17067,17073] 12
[6603,6619,6633,6681,6707,16985,16987,16993,17003] 12
[6519,6537,6557,6563,6583,16905,16919,16953,16969] 12
[6459,6469,6497,6499,6503,16821,16835,16895,16899] 12
[6337,6351,6403,6435,6447,16733,16739,16791,16811] 12
[6165,6195,6197,6199,6323,16679,16683,16721,16723,25319,25352] 12
[6123,6141,6145,6155,6159,16577,16629,16655,16669,25271,25283,25295,25310] 16
[6047,6085,6087,6111,6113,16531,16547,16557,16559,25205,25211,25229,25247] 16
[5933,5937,5969,5971,5975,16425,16457,16481,16519,25144,25166,25178,25193] 16
[5815,5817,5839,5881,5887,16399,16401,16413,16423,25077,25113,25129,25135] 16
[5743,5757,5785,5809,5811,16275,16321,16371,16397,24727,24733,24854,25071] 16
[5621,5645,5659,5681,5715,16151,16205,16231,16233,24145,24151,24567,24667] 16
[5573,5587,5599,5609,5611,16109,16131,16143,16149,24073,24077,24107,24131] 16
[5441,5479,5495,5561,5571,16051,16073,16099,16103,24001,24003,24027,24053] 16
[5313,5349,5365,5387,5431,16035,16039,16041,16047,23547,23549,23750,23957] 16
[5113,5199,5213,5225,5253,15965,15983,16013,16021,23519,23525,23535,23537] 16
[6,5075,5091,5095,5097,15775,15787,15807,15957,23441,23463,23487,23497] 16
[Die3,Die7]
[13423,13461,13467,13481,13489,16609,16621,16623,16645,23539,23965,23973,23975] 16
[13343,13355,13373,13389,13419,16529,16535,16601,16603,23375,23429,23431,23471] 16
[13253,13275,13291,13297,13315,16441,16455,16471,16489,22881,22943,23353,23355] 16
[13129,13133,13231,13237,13249,16351,16359,16379,16411,22803,22821,22831,22867] 16
[13071,13089,13103,13109,13111,16325,16341,16345,16347,22753,22761,22793,22797] 16
[13015,13019,13041,13051,13053,16253,16259,16269,16319,22237,22261,22277,22327] 16
[12975,12983,12985,12993,13011,16189,16199,16219,16239,22203,22221,22229,22233] 16
[8121,8125,12929,12935,12965,16163,16171,16173,16181,22149,22173,22177,22199] 16
[7911,8027,8095,8107,8109,16129,16137,16139,16157,21713,21729,21731,21733] 16
[7818,7830,7848,7851,7899,16085,16093,16107,16117,21677,21683,21687,21705] 16
[7788,7797,7800,7812,7815,16027,16063,16067,16075,21581,21585,21639,21671] 16
[7704,7719,7740,7773,7785,15995,16005,16015,16017,21137,21342,21553,21577] 16
[7632,7641,7650,7683,7689,15935,15941,15977,15979,21111,21119,21121,21133] 16
[7545,7559,7561,7615,7623,15911,15915,15921,15931,21037,21045,21057,21063] 16
[7509,7519,7533,7537,7539,15827,15853,15859,15871,20963,20981,21011,21027] 16
[7459,7463,7467,7469,7471,15773,15795,15805,15821,20495,20501,20509,20537] 16
[7409,7425,7431,7433,7445,15745,15761,15765,15767,20473,20489,20491,20493] 16
[7329,7333,7371,7389,7403,15651,15707,15713,15743,20407,20429,20447,20467] 16
[7217,7251,7299,7307,7321,15583,15597,15611,15639,20359,20367,20387,20401] 16
[7155,7167,7187,7191,7199,15533,15537,15547,15575,19901,19913,19915,20349] 16
[7087,7093,7101,7121,7153,15467,15495,15503,15531,19859,19879,19883,19887] 16
[6999,7015,7025,7063,7083,15313,15335,15367,15433,19767,19783,19817,19823] 16
[6927,6957,6965,6969,6997,15265,15279,15291,15299,19313,19319,19739,19763] 16
[6891,6901,6919,6921,6925,15169,15187,15189,15247,19235,19241,19263,19283] 16
[6839,6859,6867,6875,6883,15137,15139,15155,15161,19155,19201,19215,19217] 16
[6785,6801,6803,6833,6837,15047,15093,15111,15117,18715,18727,19139,19149] 16
[6729,6737,6751,6775,6781,14953,14961,14965,15009,18647,18661,18691,18705] 16
[6657,6701,6705,6715,6721,14905,14931,14933,14945,18607,18609,18611,18625] 16
[6505,6535,6571,6575,6651,14799,14811,14819,14837,18553,18561,18593,18603] 16
[6429,6441,6483,6487,6489,14735,14763,14781,14797,18077,18079,18087,18121] 16
[6363,6383,6387,6389,6423,14697,14713,14725,14727,18041,18065,18067,18073] 16
[6321,6329,6335,6341,6361,14645,14661,14679,14695,17991,17995,18017,18029] 16
[6217,6231,6291,6309,6313,14591,14601,14607,14641,17941,17953,17969,17973] 16
[6089,6099,6133,6161,6201,14565,14569,14573,14579,17513,17521,17730,17939] 16
[6017,6023,6029,6033,6065,14503,14517,14519,14559,17455,17479,17485,17511] 16
[5981,5995,6005,6009,6015,14433,14451,14457,14459,17399,17423,17429,17439] 16
[5917,5921,5945,5951,5953,14357,14383,14397,14417,17371,17377,17379,17383] 16
[5869,5871,5897,5907,5913,14201,14225,14275,14337,17325,17341,17359,17365] 16
[5805,5821,5827,5837,5849,14151,14161,14181,14199,17293,17299,17315,17317] 16
[5745,5751,5769,5775,5803,14081,14113,14129,14147,17265,17269,17271,17283] 16
[5671,5691,5723,5729,5731,14033,14035,14047,14049,17157,17173,17221,17259,25292,25328,25340] 16
[5615,5631,5637,5649,5663,13939,13941,13969,13975,17131,17139,17145,17153,25181,25238,25253,25277] 20
[5559,5565,5569,5575,5607,13899,13915,13927,13937,17057,17101,17103,17107,25123,25126,25160,25172] 20
[5513,5527,5541,5553,5555,13843,13857,13871,13895,16959,17019,17027,17043,25065,25080,25086,25104] 20
[5437,5451,5453,5477,5509,13823,13827,13837,13839,16909,16921,16929,16951,24735,24751,24753,25062] 20
[5393,5401,5417,5427,5433,13759,13777,13803,13819,16865,16869,16871,16879,24635,24639,24649,24687] 20
[5281,5295,5311,5327,5367,13707,13711,13735,13743,16817,16825,16831,16853,24573,24621,24627,24631] 20
[5187,5219,5255,5265,5277,13665,13675,13677,13687,16703,16741,16775,16783,24099,24119,24133,24561] 20
[5111,5135,5149,5179,5183,13581,13585,13621,13663,16687,16691,16693,16701,24051,24059,24083,24087] 20
[5011,5035,5065,5071,5105,13501,13517,13527,13579,16661,16663,16681,16685,24005,24013,24021,24049] 20
[13651,13671,13673,13685,13695,16491,16493,16501,16541,22937,22939,23148,23351] 16
[13613,13619,13623,13633,13637,16461,16463,16477,16485,22897,22905,22921,22929] 16
[13555,13559,13577,13603,13611,16375,16383,16407,16453,22815,22819,22833,22889] 16
[13505,13507,13511,13515,13543,16329,16335,16361,16369,22771,22775,22799,22807] 16
[13379,13457,13463,13475,13487,16271,16287,16289,16317,22341,22345,22546,22769] 16
[13301,13317,13327,13339,13365,16217,16229,16243,16255,22305,22311,22315,22331] 16
[13265,13267,13277,13281,13289,16195,16203,16209,16211,22259,22273,22281,22301] 16
[13199,13209,13223,13243,13261,16141,16159,16179,16193,22161,22231,22235,22255] 16
[13117,13143,13155,13157,13183,15989,15999,16019,16105,21699,21743,21944,22151] 16
[13067,13079,13091,13099,13113,15939,15961,15963,15971,21617,21633,21663,21675] 16
[12961,12973,12989,13039,13047,15901,15905,15919,15937,21569,21593,21601,21615] 16
[8117,8119,8123,8127,10528,15825,15831,15861,15899,21113,21115,21141,21557] 16
[8069,8079,8081,8085,8103,15785,15797,15801,15819,21047,21055,21073,21089] 16
[8055,8057,8059,8063,8067,15671,15711,15729,15731,20979,20991,20995,21043] 16
[7905,7908,7920,8025,8039,15627,15629,15645,15659,20539,20943,20969,20975] 16
[7833,7839,7854,7887,7890,15595,15599,15605,15613,20503,20505,20525,20533] 16
[7770,7794,7803,7806,7824,15543,15567,15573,15593,20421,20433,20453,20485] 16
[7743,7749,7755,7761,7764,15421,15497,15507,15521,20345,20347,20391,20403] 16
[7677,7695,7698,7710,7716,15387,15397,15411,15415,19917,19927,19937,20138] 16
[7653,7656,7659,7671,7674,15357,15363,15379,15383,19871,19873,19895,19903] 16
[7613,7620,7629,7635,7638,15331,15333,15347,15349,19829,19843,19853,19867] 16
[7531,7593,7597,7605,7607,15307,15315,15319,15325,19787,19791,19793,19819] 16
[7417,7419,7473,7489,7527,15263,15269,15285,15295,19335,19536,19749,19771] 16
[7287,7345,7373,7379,7397,15215,15227,15253,15257,19265,19289,19295,19323] 16
[7211,7223,7227,7271,7283,15177,15181,15195,15205,19191,19193,19211,19251] 16
[7123,7143,7147,7193,7197,15109,15129,15131,15145,19135,19157,19169,19183] 16
[7069,7075,7077,7085,7113,15069,15085,15095,15103,18707,18711,18733,18934] 16
[6983,7029,7037,7039,7057,14971,15049,15051,15055,18675,18677,18681,18687] 16
[6897,6905,6915,6937,6951,14893,14911,14917,14935,18641,18645,18659,18663] 16
[6825,6841,6879,6889,6895,14823,14833,14839,14847,18595,18615,18619,18627] 16
[6747,6749,6769,6815,6821,14745,14759,14765,14785,18332,18535,18537,18551] 16
[6671,6689,6691,6699,6731,14619,14637,14653,14733,18043,18045,18055,18083] 16
[6507,6515,6521,6577,6617,14597,14603,14611,14613,18005,18011,18021,18023,25298,25331,25337,25343] 20
[6449,6451,6457,6491,6493,14543,14563,14587,14589,17959,17971,17975,17993,25259,25286,25289,25295] 20
[6401,6405,6419,6425,6443,14513,14525,14531,14535,17529,17935,17947,17951,25235,25241,25250,25256] 20
[6349,6359,6373,6385,6397,14461,14479,14483,14507,17431,17437,17447,17515,25163,25175,25184,25223] 20
[6213,6225,6263,6311,6343,14393,14401,14407,14425,17313,17321,17335,17351,25107,25120,25141,25156] 20
[6183,6185,6193,6207,6211,14361,14365,14373,14377,17229,17255,17279,17303,25059,25077,25083,25092] 20
[6101,6105,6119,6137,6167,14323,14351,14353,14359,17179,17181,17205,17219,24729,24741,24747,24854] 20
[5985,6013,6037,6055,6091,14281,14291,14317,14319,17125,17137,17159,17177,24671,24697,24699,24707] 20
[5889,5935,5941,5965,5977,14233,14241,14251,14273,17087,17111,17115,17117,24613,24615,24647,24653] 20
[5833,5835,5863,5875,5877,14137,14175,14183,14197,17059,17065,17069,17071,24597,24601,24605,24607] 20
[5753,5761,5779,5793,5825,14087,14099,14103,14131,16971,16983,17023,17053,24563,24569,24571,24583] 20
[5695,5699,5701,5709,5717,14063,14071,14075,14077,16941,16945,16947,16957,24125,24137,24151,24553] 20
[5543,5547,5617,5643,5683,14005,14017,14025,14029,16901,16903,16907,16931,24033,24037,24057,24085] 20
[5429,5435,5461,5521,5537,13961,13981,13999,14001,16845,16847,16881,16893,23961,23971,23991,23995] 20
[5293,5343,5351,5397,5409,13933,13945,13947,13951,16819,16833,16841,16843,23521,23533,23549,23750] 20
[5207,5209,5227,5275,5291,13859,13881,13897,13913,16697,16729,16751,16765,23455,23473,23489,23501] 20
[5193,5195,5197,5201,5203,13769,13791,13807,13835,16627,16637,16665,16671,23427,23433,23435,23445] 20
[6,5077,5089,5127,5129,13699,13727,13739,13741,16573,16581,16585,16587,23381,23397,23407,23417] 20
[Die3,Die8]
[5471,5475,5479,5485,5487,5833,5835,5857,5863,6139,6143,6145,6149,6457,6459,6479,6493,6825,6841,6871,6881,7171,7193,7195,7211,7503,7527,7531,7565,8025,8055,8059,8063,13159,13169,13171,13179,13533,13543,13555,13559,13809,13815,13831,13835,14095,14109,14115,14125,14419,14425,14427,14461,14851,14867,14875,14877,15315,15319,15323,15325,15607,15629,15631,15643,15987,15999,16035,16037,16377,16383,16389,16391,16699,16707,16723,16727,17015,17017,17023,17025,17459,17469,17481,17483,18615,18619,18621,18627,19737,19747,19775,19793,20533,20941,20955,20959,21739,21743,21944,22145,22819,22825,22833,22837,23951,23957,23961,23967,24721,24727,24729,24731] 116
[5423,5435,5445,5461,5463,5807,5813,5817,5829,6115,6119,6123,6137,6443,6445,6449,6453,6799,6805,6815,6821,7141,7145,7165,7169,7493,7497,7499,7501,7890,7896,7902,7908,13139,13143,13155,13157,13491,13497,13511,13515,13779,13783,13797,13807,14077,14083,14091,14093,14393,14401,14411,14415,14843,14845,14847,14849,15277,15285,15289,15303,15593,15599,15603,15605,15967,15971,15975,15983,16339,16353,16355,16375,16665,16673,16689,16695,16975,16989,16993,17001,17421,17437,17441,17447,18575,18583,18595,18599,19305,19315,19323,19335,20515,20519,20525,20529,21691,21699,21715,21727,22807,22811,22815,22817,23533,23535,23537,23549,24681,24697,24709,24715,25337,25343,25356] 116
[5371,5375,5395,5397,5411,5753,5755,5779,5793,6091,6101,6105,6107,6407,6409,6419,6431,6759,6761,6769,6795,7117,7119,7123,7125,7465,7473,7483,7489,7839,7866,7884,7887,13101,13107,13113,13127,13441,13479,13485,13487,13747,13751,13763,13771,14057,14063,14065,14071,14363,14371,14373,14389,14805,14817,14839,14841,15251,15253,15261,15271,15555,15569,15573,15581,15939,15959,15961,15963,16321,16329,16333,16335,16627,16637,16649,16655,16947,16949,16961,16971,17349,17373,17389,17403,18539,18565,18567,18573,19285,19287,19289,19295,20483,20487,20505,20511,21661,21663,21685,21689,22781,22787,22789,22801,23501,23515,23521,23531,24643,24653,24659,24667,25262,25301,25325,25331] 120
[5343,5351,5361,5365,5369,5709,5717,5735,5743,6057,6063,6077,6083,6359,6395,6397,6405,6731,6745,6747,6749,7069,7077,7091,7097,7423,7443,7453,7455,7794,7803,7824,7833,13069,13083,13095,13099,13407,13433,13435,13439,13723,13729,13731,13741,14017,14019,14021,14023,14341,14351,14353,14361,14767,14769,14785,14795,15219,15221,15227,15249,15507,15515,15521,15543,15917,15923,15933,15937,16261,16271,16287,16317,16581,16585,16587,16615,16911,16913,16935,16941,17277,17279,17313,17327,18103,18332,18535,18537,19223,19261,19269,19279,20403,20427,20437,20475,21617,21633,21643,21657,22345,22755,22771,22775,23461,23467,23491,23495,24599,24607,24613,24615,25235,25241,25244,25250] 120
[5227,5237,5245,5253,5337,5683,5695,5699,5707,6025,6035,6037,6055,6331,6337,6339,6353,6691,6703,6707,6723,7051,7057,7059,7067,7379,7397,7417,7419,7749,7764,7770,7776,13043,13055,13063,13067,13365,13375,13391,13395,13695,13703,13719,13721,13999,14001,14003,14005,14307,14319,14323,14327,14745,14757,14759,14765,15165,15195,15205,15211,15483,15491,15499,15505,15885,15889,15905,15913,16229,16233,16243,16255,16559,16563,16567,16573,16885,16891,16893,16905,17231,17255,17257,17263,18045,18055,18083,18099,19171,19185,19197,19209,20369,20371,20373,20377,21589,21599,21601,21615,22311,22315,22339,22341,23433,23437,23445,23455,24151,24569,24575,24595,25184,25196,25223,25229] 120
[5195,5201,5207,5215,5225,5629,5643,5669,5681,5985,5989,5997,6013,6299,6319,6323,6325,6663,6671,6673,6689,7019,7029,7037,7039,7367,7369,7373,7375,7710,7716,7725,7734,13001,13003,13009,13013,13329,13349,13353,13363,13661,13671,13673,13689,13973,13977,13981,13989,14249,14255,14273,14281,14623,14633,14733,14737,15097,15103,15109,15143,15413,15415,15461,15473,15825,15837,15841,15879,16203,16205,16209,16211,16547,16549,16551,16557,16859,16863,16867,16881,17205,17213,17219,17227,18015,18021,18035,18043,19135,19147,19157,19169,20345,20347,20351,20355,21561,21567,21569,21579,22281,22297,22305,22309,23389,23395,23407,23419,24117,24125,24135,24137,25163,25166,25169,25175] 120
[5101,5103,5129,5143,5193,5605,5609,5611,5621,5965,5975,5977,5979,6213,6219,6263,6297,6603,6627,6647,6653,6983,6985,6991,7009,7339,7345,7357,7365,7671,7674,7677,7698,12961,12973,12977,12981,13289,13301,13307,13313,13625,13637,13649,13659,13943,13945,13959,13961,14237,14239,14241,14247,14587,14597,14603,14613,15057,15059,15065,15069,15387,15389,15391,15397,15775,15801,15809,15819,16169,16193,16195,16197,16513,16515,16541,16545,16841,16843,16845,16847,17179,17181,17195,17197,17987,18005,18009,18011,18711,18717,18721,18731,19921,19925,19927,19937,21089,21115,21127,21555,22243,22247,22255,22265,22939,22945,23148,23387,24085,24089,24091,24113,25138,25141,25150,25156] 120
[5063,5077,5081,5089,5097,5561,5571,5573,5583,5937,5941,5957,5961,6193,6199,6203,6211,6577,6593,6595,6601,6959,6963,6971,6977,7309,7313,7323,7335,7644,7656,7659,7665,12931,12947,12957,12959,13243,13261,13271,13277,13611,13613,13619,13623,13907,13911,13913,13935,14185,14187,14195,14233,14535,14539,14543,14547,15021,15027,15029,15055,15363,15365,15379,15383,15727,15729,15731,15733,16109,16113,16143,16149,16485,16493,16497,16501,16805,16809,16821,16833,17121,17125,17137,17151,17937,17947,17971,17975,18681,18695,18703,18709,19873,19893,19895,19903,21047,21053,21073,21083,22215,22235,22239,22241,22913,22921,22929,22935,24039,24057,24067,24073,25089,25107,25113,25120] 120
[5031,5041,5043,5053,5057,5535,5537,5543,5547,5893,5911,5919,5925,6173,6175,6177,6183,6521,6537,6549,6555,6935,6937,6951,6953,7249,7271,7283,7287,7613,7620,7635,7638,8117,8119,8127,10528,13209,13215,13223,13229,13589,13593,13603,13605,13879,13881,13887,13901,14167,14169,14175,14183,14483,14489,14505,14529,14935,14955,14971,14993,15347,15349,15353,15361,15703,15711,15719,15725,16091,16097,16099,16105,16439,16469,16477,16479,16755,16765,16791,16803,17075,17087,17089,17115,17517,17525,17529,17935,18651,18663,18675,18677,19849,19851,19867,19871,20991,20995,21007,21043,22185,22191,22205,22207,22871,22889,22897,22911,23991,23999,24001,24037,24854,25059,25071,25083] 120
[0,3,6,5025,5029,5491,5499,5517,5529,5873,5875,5877,5887,6153,6167,6169,6171,6497,6501,6507,6519,6895,6897,6907,6913,7223,7227,7233,7247,7567,7585,7587,7607,8067,8079,8085,8103,13183,13187,13199,13201,13567,13569,13577,13587,13845,13853,13867,13875,14131,14149,14155,14165,14467,14469,14475,14479,14885,14893,14895,14911,15331,15333,15339,15345,15647,15671,15693,15701,16041,16047,16073,16079,16407,16413,16419,16435,16737,16739,16743,16753,17029,17039,17049,17069,17499,17505,17509,17515,18639,18641,18645,18649,19811,19813,19819,19843,20969,20977,20979,20985,22147,22151,22153,22163,22841,22847,22861,22865,23971,23977,23981,23989,24733,24741,24743,24747] 120
[5437,5449,5451,5465,5477,5827,5831,5837,5849,6233,6251,6255,6259,6605,6607,6611,6615,6869,6877,6885,6891,7189,7191,7199,7201,7519,7521,7533,7537,7818,7821,7827,7830,13019,13021,13027,13029,13387,13389,13413,13419,13735,13743,13753,13759,13987,13995,14011,14027,14413,14417,14423,14429,14739,14747,14755,14773,15137,15139,15159,15161,15511,15517,15523,15529,15877,15915,15921,15935,16239,16269,16279,16295,16641,16643,16645,16647,16979,16981,16991,16995,17317,17325,17345,17355,18025,18037,18053,18067,19149,19167,19173,19201,19911,19919,19935,20138,21023,21025,21027,21045,21683,21687,21705,21713,22867,22869,22891,22903,24105,24109,24111,24115,25135,25144,25147,25160] 120
[5403,5405,5415,5421,5427,5775,5803,5805,5821,6201,6215,6227,6231,6565,6567,6575,6599,6855,6857,6859,6867,7155,7167,7177,7181,7469,7471,7509,7511,7788,7806,7809,7812,12991,12993,13005,13011,13355,13359,13369,13377,13707,13709,13711,13713,13969,13975,13983,13985,14385,14387,14397,14403,14701,14711,14727,14735,15115,15121,15125,15133,15471,15479,15493,15503,15843,15859,15871,15875,16207,16213,16219,16235,16605,16609,16621,16633,16927,16937,16951,16967,17283,17299,17301,17315,17969,17985,18017,18019,18727,18729,18733,18934,19885,19887,19901,19907,20989,21005,21011,21021,21651,21665,21677,21681,22831,22839,22843,22855,24087,24093,24099,24101,25110,25116,25123,25126] 120
[5345,5359,5363,5391,5393,5749,5751,5771,5773,6117,6127,6157,6163,6525,6535,6545,6551,6813,6829,6837,6839,7103,7121,7149,7153,7433,7439,7449,7467,7740,7743,7755,7782,12963,12965,12983,12985,13311,13315,13343,13351,13679,13687,13691,13701,13955,13963,13965,13967,14335,14343,14345,14357,14685,14693,14695,14697,15013,15015,15061,15099,15433,15443,15447,15467,15795,15803,15815,15835,16175,16177,16183,16189,16555,16591,16601,16603,16855,16869,16889,16921,17261,17269,17271,17281,17941,17943,17953,17961,18689,18691,18699,18701,19859,19863,19879,19883,20740,20965,20967,20971,21635,21639,21645,21647,22797,22803,22805,22813,24049,24059,24075,24081,25086,25092,25095,25101] 120
[5281,5317,5327,5331,5333,5703,5721,5729,5745,6051,6053,6065,6081,6475,6489,6505,6513,6785,6791,6803,6809,7063,7071,7087,7101,7393,7395,7403,7409,7722,7728,7731,7737,8107,8109,8111,8121,13287,13291,13293,13297,13635,13653,13675,13677,13927,13931,13941,13949,14275,14279,14283,14333,14655,14667,14675,14677,14983,14987,14989,15001,15419,15425,15429,15431,15763,15765,15767,15771,16155,16157,16163,16173,16537,16539,16543,16553,16829,16831,16839,16849,17241,17245,17247,17259,17519,17523,17730,17931,18655,18661,18665,18679,19815,19823,19841,19847,20513,20535,20537,20539,21585,21605,21621,21625,22757,22773,22785,22793,24005,24013,24019,24045,24753,25062,25074,25080] 120
[5257,5261,5265,5277,5279,5671,5675,5689,5691,6015,6019,6029,6033,6433,6439,6461,6471,6763,6779,6781,6783,7035,7043,7053,7055,7383,7385,7387,7389,7686,7692,7704,7719,8095,8097,8099,8101,13237,13241,13249,13259,13601,13607,13609,13615,13895,13915,13923,13925,14225,14261,14267,14269,14641,14643,14645,14651,14961,14963,14965,14981,15403,15405,15409,15417,15745,15755,15757,15761,16121,16129,16133,16139,16489,16505,16507,16523,16815,16817,16823,16825,17203,17209,17221,17237,17485,17489,17507,17513,18617,18625,18647,18653,19779,19785,19795,19799,20497,20499,20501,20507,21549,21571,21577,21581,22325,22327,22546,22753,23969,23973,23983,23985,24705,24713,24745,24751,25340,25349,25352] 120
[5219,5221,5247,5249,5255,5613,5615,5633,5655,5999,6003,6005,6009,6399,6411,6423,6427,6733,6739,6751,6757,7003,7015,7025,7031,7353,7359,7371,7377,7662,7668,7680,7683,8049,8087,8091,8093,13205,13207,13233,13235,13579,13583,13597,13599,13865,13871,13883,13889,14189,14201,14215,14219,14607,14621,14627,14639,14943,14945,14949,14953,15327,15355,15369,15393,15707,15709,15713,15743,16085,16093,16101,16117,16437,16455,16467,16473,16775,16789,16793,16813,17169,17173,17189,17201,17439,17443,17477,17479,18603,18605,18607,18609,19745,19751,19757,19767,20473,20491,20493,20495,21141,21342,21545,21547,22261,22277,22279,22291,23529,23750,23959,23963,24669,24673,24693,24703,25304,25313,25322,25328] 124
[5155,5175,5179,5183,5211,5585,5595,5603,5607,5981,5991,5993,5995,6361,6363,6381,6387,6709,6713,6715,6729,6987,6997,6999,7001,7321,7327,7329,7343,7626,7629,7641,7647,7920,8027,8031,8039,13147,13149,13161,13203,13529,13541,13563,13571,13839,13855,13857,13863,14151,14161,14171,14173,14571,14579,14595,14605,14907,14909,14931,14933,15297,15299,15309,15313,15685,15691,15695,15705,16055,16061,16071,16077,16365,16367,16381,16387,16747,16749,16761,16771,17139,17143,17149,17153,17411,17415,17423,17429,18561,18563,18589,18593,19319,19321,19536,19739,20461,20463,20467,20471,21123,21131,21133,21135,22213,22221,22233,22237,23471,23479,23505,23527,24639,24641,24645,24661,25256,25265,25271,25277] 124
[5133,5135,5137,5149,5151,5567,5569,5575,5577,5945,5951,5953,5959,6329,6333,6335,6357,6693,6697,6701,6705,6965,6967,6969,6981,7265,7275,7305,7315,7581,7583,7611,7623,7899,7905,7911,7917,13103,13105,13129,13133,13489,13495,13503,13521,13819,13821,13823,13837,14119,14129,14139,14147,14559,14565,14567,14569,14887,14889,14891,14905,15273,15279,15287,15291,15637,15641,15657,15673,16015,16027,16043,16049,16347,16349,16351,16359,16713,16715,16735,16741,17105,17109,17113,17131,17387,17393,17395,17399,18131,18541,18543,18553,19263,19299,19307,19313,20415,20429,20443,20447,21097,21105,21119,21121,22193,22199,22203,22209,23453,23459,23465,23469,24627,24631,24635,24637,25232,25238,25247,25253] 124
[5071,5107,5109,5111,5123,5553,5555,5559,5565,5907,5913,5915,5921,6305,6309,6315,6321,6657,6675,6685,6687,6933,6941,6957,6961,7251,7253,7257,7261,7561,7573,7577,7579,7869,7872,7878,7893,13053,13071,13077,13089,13467,13471,13473,13481,13793,13803,13805,13817,14073,14081,14105,14107,14459,14503,14519,14537,14865,14869,14873,14883,15235,15237,15247,15265,15575,15577,15591,15611,15995,16003,16005,16011,16315,16325,16341,16345,16685,16687,16691,16693,17057,17063,17077,17079,17371,17375,17379,17383,18091,18111,18115,18129,19229,19231,19237,19255,20385,20387,20401,20407,21065,21079,21085,21095,21737,22173,22177,22183,23355,23375,23379,23431,24585,24593,24611,24621,25199,25202,25208,25214] 124
[5011,5035,5039,5067,5069,5503,5527,5541,5549,5853,5859,5869,5879,6271,6273,6287,6289,6623,6649,6651,6655,6903,6917,6921,6927,7205,7217,7219,7231,7545,7549,7557,7559,7848,7851,7854,7863,13033,13041,13049,13051,13423,13425,13431,13461,13773,13777,13781,13789,14033,14041,14047,14049,14433,14447,14449,14457,14791,14793,14797,14799,15167,15175,15187,15209,15531,15533,15539,15547,15943,15949,15953,15969,16297,16299,16311,16313,16659,16663,16675,16681,16997,17005,17019,17027,17357,17359,17363,17365,18073,18077,18081,18087,19207,19215,19217,19219,20349,20359,20367,20381,21049,21051,21057,21063,21717,21723,21729,21731,22909,22943,22947,23353,24133,24352,24561,24573,25172,25178,25187,25190] 124
